<?xml version="1.0" encoding="UTF-8"?>
<!-- Generated by org.testng.reporters.JUnitXMLReporter -->
<testsuite ignored="0" hostname="Z14-55M" failures="0" tests="2" name="ErrorValidationTest" time="28.412" errors="0" timestamp="2026-03-04T16:13:29 IST">
  <testcase classname="rahulshettyacademy.Tests.ErrorValidationTest" name="LoginPageError" time="0.604"/>
  <testcase classname="rahulshettyacademy.Tests.ErrorValidationTest" name="VerifyProductDisplayError" time="8.731"/>
</testsuite> <!-- ErrorValidationTest -->
