<?xml version="1.0" encoding="UTF-8"?>
<!-- Generated by org.testng.reporters.JUnitXMLReporter -->
<testsuite ignored="0" hostname="Z14-55M" failures="0" tests="3" name="StandAloneTest" time="35.394" errors="0" timestamp="2026-03-04T16:13:35 IST">
  <testcase classname="rahulshettyacademy.Tests.StandAloneTest" name="submitOrder" time="6.867"/>
  <testcase classname="rahulshettyacademy.Tests.StandAloneTest" name="submitOrder" time="6.277"/>
  <testcase classname="rahulshettyacademy.Tests.StandAloneTest" name="OrderVerify" time="2.845"/>
</testsuite> <!-- StandAloneTest -->
