<?xml version="1.0" encoding="UTF-8"?>
<!-- Generated by org.testng.reporters.JUnitReportReporter -->
<testsuite hostname="Z14-55M" failures="0" tests="3" name="rahulshettyacademy.Tests.StandAloneTest" time="21.913" errors="0" timestamp="2026-03-10T16:24:39 IST" skipped="0">
  <testcase classname="rahulshettyacademy.Tests.StandAloneTest" name="submitOrder" time="8.339"/>
  <testcase classname="rahulshettyacademy.Tests.StandAloneTest" name="submitOrder" time="9.794"/>
  <testcase classname="rahulshettyacademy.Tests.StandAloneTest" name="OrderVerify" time="3.780"/>
</testsuite> <!-- rahulshettyacademy.Tests.StandAloneTest -->
