<?xml version="1.0" encoding="UTF-8"?>
<!-- Generated by org.testng.reporters.JUnitReportReporter -->
<testsuite hostname="Z14-55M" failures="0" tests="2" name="rahulshettyacademy.Tests.ErrorValidationTest" time="28.337" errors="0" timestamp="2026-03-04T16:13:35 IST" skipped="0">
  <testcase classname="rahulshettyacademy.Tests.ErrorValidationTest" name="LoginPageError" time="17.733"/>
  <testcase classname="rahulshettyacademy.Tests.ErrorValidationTest" name="VerifyProductDisplayError" time="10.604"/>
</testsuite> <!-- rahulshettyacademy.Tests.ErrorValidationTest -->
