<?xml version="1.0" encoding="UTF-8"?>
<!-- Generated by org.testng.reporters.JUnitReportReporter -->
<testsuite hostname="Z14-55M" failures="0" tests="2" name="rahulshettyacademy.Tests.ErrorValidationTest" time="30.314" errors="0" timestamp="2026-03-11T09:43:20 IST" skipped="0">
  <testcase classname="rahulshettyacademy.Tests.ErrorValidationTest" name="LoginPageError" time="11.897"/>
  <testcase classname="rahulshettyacademy.Tests.ErrorValidationTest" name="VerifyProductDisplayError" time="18.417"/>
</testsuite> <!-- rahulshettyacademy.Tests.ErrorValidationTest -->
