<?xml version="1.0" encoding="UTF-8"?>
<!-- Generated by org.testng.reporters.JUnitReportReporter -->
<testsuite hostname="Z14-55M" failures="0" tests="3" name="rahulshettyacademy.Tests.StandAloneTest" time="32.407" errors="0" timestamp="2026-03-11T09:43:20 IST" skipped="0">
  <testcase classname="rahulshettyacademy.Tests.StandAloneTest" name="OrderVerify" time="5.549"/>
  <testcase classname="rahulshettyacademy.Tests.StandAloneTest" name="submitOrder" time="17.006"/>
  <testcase classname="rahulshettyacademy.Tests.StandAloneTest" name="submitOrder" time="9.852"/>
</testsuite> <!-- rahulshettyacademy.Tests.StandAloneTest -->
